<?xml version="1.0" encoding="UTF-8"?>
<testng-results ignored="0" total="1" passed="1" failed="0" skipped="0">
  <reporter-output>
  </reporter-output>
  <suite started-at="2024-05-19T16:04:11 IST" name="Suite" finished-at="2024-05-19T16:04:28 IST" duration-ms="16555">
    <groups>
    </groups>
    <test started-at="2024-05-19T16:04:11 IST" name="Test" finished-at="2024-05-19T16:04:28 IST" duration-ms="16555">
      <class name="com.tests.CourseNameTest">
        <test-method is-config="true" signature="setup(java.lang.String)[pri:0, instance:com.tests.CourseNameTest@4a883b15]" started-at="2024-05-19T16:04:11 IST" name="setup" finished-at="2024-05-19T16:04:16 IST" duration-ms="5185" status="PASS">
          <params>
            <param index="0">
              <value>
                <![CDATA[chrome]]>
              </value>
            </param>
          </params>
          <reporter-output>
          </reporter-output>
        </test-method> <!-- setup -->
        <test-method signature="clickOnCourseList()[pri:0, instance:com.tests.CourseNameTest@4a883b15]" started-at="2024-05-19T16:04:16 IST" name="clickOnCourseList" finished-at="2024-05-19T16:04:27 IST" duration-ms="10931" status="PASS">
          <reporter-output>
          </reporter-output>
        </test-method> <!-- clickOnCourseList -->
        <test-method is-config="true" signature="teardown()[pri:0, instance:com.tests.CourseNameTest@4a883b15]" started-at="2024-05-19T16:04:27 IST" name="teardown" finished-at="2024-05-19T16:04:28 IST" duration-ms="352" status="PASS">
          <reporter-output>
          </reporter-output>
        </test-method> <!-- teardown -->
      </class> <!-- com.tests.CourseNameTest -->
    </test> <!-- Test -->
  </suite> <!-- Suite -->
</testng-results>
